<?xml version="1.0" encoding="UTF-8"?>
<testng-results skipped="0" failed="0" total="1" passed="1">
  <reporter-output>
  </reporter-output>
  <suite name="Default suite" duration-ms="58569" started-at="2020-09-20T16:06:17Z" finished-at="2020-09-20T16:07:16Z">
    <groups>
    </groups>
    <test name="Default test" duration-ms="58569" started-at="2020-09-20T16:06:17Z" finished-at="2020-09-20T16:07:16Z">
      <class name="com.qa.test.StartChat">
        <test-method status="PASS" signature="validateStartChatFunctionality()[pri:0, instance:com.qa.test.StartChat@5383967b]" name="validateStartChatFunctionality" duration-ms="56482" started-at="2020-09-20T21:36:18Z" finished-at="2020-09-20T21:37:14Z">
          <reporter-output>
          </reporter-output>
        </test-method> <!-- validateStartChatFunctionality -->
        <test-method status="PASS" signature="tearDown()[pri:0, instance:com.qa.test.StartChat@5383967b]" name="tearDown" is-config="true" duration-ms="1753" started-at="2020-09-20T21:37:14Z" finished-at="2020-09-20T21:37:16Z">
          <reporter-output>
          </reporter-output>
        </test-method> <!-- tearDown -->
      </class> <!-- com.qa.test.StartChat -->
    </test> <!-- Default test -->
  </suite> <!-- Default suite -->
</testng-results>
